<?xml version="1.0" encoding="UTF-8"?>
<testsuite name="com.targil.tiba.tests.tests.YoutubePlay" tests="1" skipped="0" failures="0" errors="0" timestamp="2023-02-09T21:08:11" hostname="DESKTOP-2TPN2B7" time="32.429">
  <properties/>
  <testcase name="testMy" classname="com.targil.tiba.tests.tests.YoutubePlay" time="32.429"/>
  <system-out><![CDATA[23:08:11.661 [Test worker] - Entering method: goToURL
23:08:20.285 [Test worker] - Exit method
23:08:20.286 [Test worker] - Entering method: searchForVideo
23:08:22.254 [Test worker] - send text: I Will Survive - Alien song to [[ChromeDriver: chrome on WINDOWS (872bdfe7f99e526b5f4c54725243503b)] -> css selector: input#search]
23:08:24.053 [Test worker] - submit [[ChromeDriver: chrome on WINDOWS (872bdfe7f99e526b5f4c54725243503b)] -> css selector: input#search]
23:08:24.221 [Test worker] - Exit method
23:08:24.222 [Test worker] - Entering method: sortListResults
23:08:24.222 [Test worker] - Entering method: openFilterContainer
23:08:26.565 [Test worker] - click on [[ChromeDriver: chrome on WINDOWS (872bdfe7f99e526b5f4c54725243503b)] -> css selector: #filter-menu  button]
23:08:26.957 [Test worker] - Exit method
23:08:26.957 [Test worker] - Entering method: sortBy-Video
23:08:27.442 [Test worker] - click on [[ChromeDriver: chrome on WINDOWS (872bdfe7f99e526b5f4c54725243503b)] -> css selector: [title='Search for Video'] > :first-child]
23:08:33.713 [Test worker] - Exit method
23:08:33.713 [Test worker] - Exit method
23:08:33.713 [Test worker] - Entering method: sortListResults
23:08:33.714 [Test worker] - Entering method: openFilterContainer
23:08:33.792 [Test worker] - click on [[ChromeDriver: chrome on WINDOWS (872bdfe7f99e526b5f4c54725243503b)] -> css selector: #filter-menu  button]
23:08:33.950 [Test worker] - Exit method
23:08:33.952 [Test worker] - Entering method: sortBy-Count
23:08:34.327 [Test worker] - click on [[ChromeDriver: chrome on WINDOWS (872bdfe7f99e526b5f4c54725243503b)] -> css selector: [title='Sort by view count'] > :first-child]
23:08:40.087 [Test worker] - Exit method
23:08:40.087 [Test worker] - Exit method
23:08:40.088 [Test worker] - Entering method: getChannelNameById-ybXrrTX3LuI
23:08:40.139 [Test worker] - get text from [[ChromeDriver: chrome on WINDOWS (872bdfe7f99e526b5f4c54725243503b)] -> css selector: #dismissible:has(a[href*='ybXrrTX3LuI']) #channel-info #text]
23:08:40.166 [Test worker] - Channel name = nikki7993
23:08:40.166 [Test worker] - Exit method
23:08:40.167 [Test worker] - Entering method: playVideoById
23:08:40.240 [Test worker] - click on [[ChromeDriver: chrome on WINDOWS (872bdfe7f99e526b5f4c54725243503b)] -> xpath: (//*[@id='video-title'][contains(@href, 'ybXrrTX3LuI')])[1]]
23:08:40.476 [Test worker] - Exit method
URL - - false
23:08:40.527 [Test worker] - Entering method: getVideoDescriptions
23:08:43.436 [Test worker] - click on [[ChromeDriver: chrome on WINDOWS (872bdfe7f99e526b5f4c54725243503b)] -> css selector: #description #expand]
23:08:43.964 [Test worker] - get text from [[ChromeDriver: chrome on WINDOWS (872bdfe7f99e526b5f4c54725243503b)] -> xpath: //*[@id='description-inner']//*[text()='ARTIST']/..//*[@href]]
23:08:44.067 [Test worker] - Artist Name: Gloria Gaynor
23:08:44.067 [Test worker] - Exit method
]]></system-out>
  <system-err><![CDATA[]]></system-err>
</testsuite>
